app/build/intermediates/manifest_merge_blame_file/release/manifest-merger-blame-release-report.txt
1<?xml version="1.0" encoding="utf-8"?>
2<manifest xmlns:android="http://schemas.android.com/apk/res/android"
3    package="org.appspot.apprtc"
4    android:versionCode="1"
5    android:versionName="1.0" >
6
7    <uses-sdk
8        android:minSdkVersion="21"
8-->src/main/AndroidManifest.xml
9        android:targetSdkVersion="28" />
9-->src/main/AndroidManifest.xml
10
11    <uses-feature android:name="android.hardware.camera" />
11-->src/main/AndroidManifest.xml:8:5-60
11-->src/main/AndroidManifest.xml:8:19-57
12    <uses-feature android:name="android.hardware.camera.autofocus" />
12-->src/main/AndroidManifest.xml:9:5-70
12-->src/main/AndroidManifest.xml:9:19-67
13    <uses-feature
13-->src/main/AndroidManifest.xml:10:5-78
14        android:glEsVersion="0x00020000"
14-->src/main/AndroidManifest.xml:10:19-51
15        android:required="true" />
15-->src/main/AndroidManifest.xml:10:52-75
16
17    <uses-permission android:name="android.permission.CAMERA" />
17-->src/main/AndroidManifest.xml:12:5-65
17-->src/main/AndroidManifest.xml:12:22-62
18    <uses-permission android:name="android.permission.CHANGE_NETWORK_STATE" />
18-->src/main/AndroidManifest.xml:13:5-79
18-->src/main/AndroidManifest.xml:13:22-76
19    <uses-permission android:name="android.permission.MODIFY_AUDIO_SETTINGS" />
19-->src/main/AndroidManifest.xml:14:5-80
19-->src/main/AndroidManifest.xml:14:22-77
20    <uses-permission android:name="android.permission.RECORD_AUDIO" />
20-->src/main/AndroidManifest.xml:15:5-71
20-->src/main/AndroidManifest.xml:15:22-68
21    <uses-permission android:name="android.permission.BLUETOOTH" />
21-->src/main/AndroidManifest.xml:16:5-68
21-->src/main/AndroidManifest.xml:16:22-65
22    <uses-permission android:name="android.permission.INTERNET" />
22-->src/main/AndroidManifest.xml:17:5-67
22-->src/main/AndroidManifest.xml:17:22-64
23    <uses-permission android:name="android.permission.WRITE_EXTERNAL_STORAGE" />
23-->src/main/AndroidManifest.xml:18:5-80
23-->src/main/AndroidManifest.xml:18:22-78
24    <uses-permission android:name="android.permission.ACCESS_NETWORK_STATE" />
24-->src/main/AndroidManifest.xml:19:5-79
24-->src/main/AndroidManifest.xml:19:22-76
25    <!-- This is a test application that should always be debuggable. -->
26    <application
26-->src/main/AndroidManifest.xml:22:5-58:19
27        android:allowBackup="false"
27-->src/main/AndroidManifest.xml:24:18-45
28        android:debuggable="true"
28-->src/main/AndroidManifest.xml:25:18-43
29        android:icon="@drawable/ic_launcher"
29-->src/main/AndroidManifest.xml:23:18-54
30        android:label="@string/app_name"
30-->src/main/AndroidManifest.xml:22:18-50
31        android:supportsRtl="false" >
31-->src/main/AndroidManifest.xml:26:18-45
32        <activity
32-->src/main/AndroidManifest.xml:29:9-45:20
33            android:name="org.appspot.apprtc.ConnectActivity"
33-->src/main/AndroidManifest.xml:29:19-49
34            android:label="@string/app_name"
34-->src/main/AndroidManifest.xml:30:19-51
35            android:theme="@style/AppTheme"
35-->src/main/AndroidManifest.xml:32:19-50
36            android:windowSoftInputMode="adjustPan" >
36-->src/main/AndroidManifest.xml:31:19-58
37            <intent-filter>
37-->src/main/AndroidManifest.xml:33:13-36:29
38                <action android:name="android.intent.action.MAIN" />
38-->src/main/AndroidManifest.xml:34:17-68
38-->src/main/AndroidManifest.xml:34:25-66
39
40                <category android:name="android.intent.category.LAUNCHER" />
40-->src/main/AndroidManifest.xml:35:17-76
40-->src/main/AndroidManifest.xml:35:27-74
41            </intent-filter>
42            <intent-filter>
42-->src/main/AndroidManifest.xml:38:13-44:29
43                <action android:name="android.intent.action.VIEW" />
43-->src/main/AndroidManifest.xml:39:17-68
43-->src/main/AndroidManifest.xml:39:25-66
44
45                <category android:name="android.intent.category.DEFAULT" />
45-->src/main/AndroidManifest.xml:40:17-75
45-->src/main/AndroidManifest.xml:40:27-73
46                <category android:name="android.intent.category.BROWSABLE" />
46-->src/main/AndroidManifest.xml:41:17-77
46-->src/main/AndroidManifest.xml:41:27-75
47
48                <data
48-->src/main/AndroidManifest.xml:42:17-70
49                    android:host="appr.tc"
49-->src/main/AndroidManifest.xml:42:46-68
50                    android:scheme="https" />
50-->src/main/AndroidManifest.xml:42:23-45
51                <data
51-->src/main/AndroidManifest.xml:42:17-70
52                    android:host="appr.tc"
52-->src/main/AndroidManifest.xml:42:46-68
53                    android:scheme="http" />
53-->src/main/AndroidManifest.xml:42:23-45
54            </intent-filter>
55        </activity>
56        <activity
56-->src/main/AndroidManifest.xml:47:9-50:20
57            android:name="org.appspot.apprtc.SettingsActivity"
57-->src/main/AndroidManifest.xml:47:19-50
58            android:label="@string/settings_name"
58-->src/main/AndroidManifest.xml:48:19-56
59            android:theme="@style/AppTheme" >
59-->src/main/AndroidManifest.xml:49:19-50
60        </activity>
61        <activity
61-->src/main/AndroidManifest.xml:52:9-57:20
62            android:name="org.appspot.apprtc.CallActivity"
62-->src/main/AndroidManifest.xml:52:19-46
63            android:configChanges="orientation|smallestScreenSize|screenSize|screenLayout"
63-->src/main/AndroidManifest.xml:55:19-97
64            android:label="@string/app_name"
64-->src/main/AndroidManifest.xml:53:19-51
65            android:screenOrientation="fullUser"
65-->src/main/AndroidManifest.xml:54:19-55
66            android:theme="@style/CallActivityTheme" >
66-->src/main/AndroidManifest.xml:56:19-59
67        </activity>
68    </application>
69
70</manifest>